1, 1000, 1, 5, 1000, 3.93, 8.16, 8.16 
2, 1000, 1, 5, 500, 7.19, 9.40, 9.40 
3, 1000, 1, 5, 333, 8.67, 10.65, 10.65 
4, 1000, 1, 5, 250, 11.15, 11.90, 11.90 
5, 1000, 1, 5, 200, 12.79, 13.15, 13.15 
6, 1000, 1, 5, 166, 14.12, 14.42, 14.42 
7, 1000, 1, 5, 142, 15.49, 15.69, 15.69 
8, 1000, 1, 5, 125, 17.57, 16.89, 16.89 
9, 1000, 1, 5, 111, 17.72, 18.15, 18.15 
10, 1000, 1, 5, 100, 19.61, 19.38, 19.38 
11, 1000, 1, 5, 90, 21.01, 20.77, 20.77 
12, 1000, 1, 5, 83, 19.36, 21.94, 21.94 
13, 1000, 1, 5, 76, 23.80, 23.32, 23.32 
14, 1000, 1, 5, 71, 23.43, 24.48, 24.48 
15, 1000, 1, 5, 66, 26.07, 25.81, 25.81 
16, 1000, 1, 5, 62, 24.74, 27.03, 27.03 
17, 1000, 1, 5, 58, 25.38, 28.42, 28.42 
18, 1000, 1, 5, 55, 28.16, 29.59, 29.59 
19, 1000, 1, 5, 52, 28.47, 30.90, 30.90 
20, 1000, 1, 5, 50, 31.53, 31.86, 31.86 
21, 1000, 1, 5, 47, 31.67, 33.45, 33.45 
22, 1000, 1, 5, 45, 35.42, 34.63, 34.63 
23, 1000, 1, 5, 43, 31.32, 35.92, 35.92 
24, 1000, 1, 5, 41, 34.21, 37.34, 37.33 
25, 1000, 1, 5, 40, 35.16, 38.10, 38.10 
26, 1000, 1, 5, 38, 32.76, 39.74, 39.74 
27, 1000, 1, 5, 37, 33.60, 40.63, 40.62 
28, 1000, 1, 5, 35, 41.00, 42.55, 42.55 
29, 1000, 1, 5, 34, 37.75, 43.60, 43.60 
30, 1000, 1, 5, 33, 38.06, 44.71, 44.71 
31, 1000, 1, 5, 32, 34.67, 45.89, 45.89 
32, 1000, 1, 5, 31, 33.51, 47.15, 47.15 
33, 1000, 1, 5, 30, 39.12, 48.49, 48.49 
34, 1000, 1, 5, 29, 38.30, 49.93, 49.92 
35, 1000, 1, 5, 28, 42.16, 51.46, 51.46 
36, 1000, 1, 5, 27, 44.64, 53.11, 53.11 
37, 1000, 1, 5, 27, 40.22, 53.11, 53.11 
38, 1000, 1, 5, 26, 40.14, 54.89, 54.89 
39, 1000, 1, 5, 25, 43.72, 56.81, 56.81 
40, 1000, 1, 5, 25, 44.59, 56.81, 56.81 
41, 1000, 1, 5, 24, 48.30, 58.89, 58.89 
42, 1000, 1, 5, 23, 42.15, 61.15, 61.15 
43, 1000, 1, 5, 23, 44.11, 61.15, 61.15 
44, 1000, 1, 5, 22, 52.59, 63.62, 63.61 
45, 1000, 1, 5, 22, 41.59, 63.62, 63.61 
46, 1000, 1, 5, 21, 46.64, 66.32, 66.31 
47, 1000, 1, 5, 21, 48.71, 66.32, 66.31 
48, 1000, 1, 5, 20, 48.00, 69.29, 69.28 
49, 1000, 1, 5, 20, 53.13, 69.29, 69.28 
50, 1000, 1, 5, 20, 45.76, 69.29, 69.28 
51, 1000, 1, 5, 19, 49.13, 72.57, 72.57 
52, 1000, 1, 5, 19, 51.55, 72.57, 72.57 
53, 1000, 1, 5, 18, 55.06, 76.22, 76.21 
54, 1000, 1, 5, 18, 47.92, 76.22, 76.21 
55, 1000, 1, 5, 18, 59.36, 76.22, 76.21 
56, 1000, 1, 5, 17, 55.41, 80.29, 80.29 
57, 1000, 1, 5, 17, 53.10, 80.29, 80.29 
58, 1000, 1, 5, 17, 50.97, 80.29, 80.29 
59, 1000, 1, 5, 16, 57.93, 84.88, 84.88 
60, 1000, 1, 5, 16, 55.53, 84.88, 84.88 
61, 1000, 1, 5, 16, 53.84, 84.88, 84.88 
62, 1000, 1, 5, 16, 54.06, 84.88, 84.88 
63, 1000, 1, 5, 15, 56.37, 90.08, 90.07 
64, 1000, 1, 5, 15, 60.64, 90.08, 90.07 
65, 1000, 1, 5, 15, 61.24, 90.08, 90.07 
66, 1000, 1, 5, 15, 54.12, 90.08, 90.07 
67, 1000, 1, 5, 14, 60.25, 96.02, 96.01 
68, 1000, 1, 5, 14, 64.39, 96.02, 96.01 
69, 1000, 1, 5, 14, 62.82, 96.02, 96.01 
70, 1000, 1, 5, 14, 57.75, 96.02, 96.01 
71, 1000, 1, 5, 14, 59.70, 96.02, 96.01 
72, 1000, 1, 5, 13, 60.00, 102.88, 102.87 
73, 1000, 1, 5, 13, 66.36, 102.88, 102.87 
74, 1000, 1, 5, 13, 63.12, 102.88, 102.87 
75, 1000, 1, 5, 13, 63.05, 102.88, 102.87 
76, 1000, 1, 5, 13, 62.04, 102.88, 102.87 
77, 1000, 1, 5, 12, 61.36, 110.87, 110.87 
78, 1000, 1, 5, 12, 71.31, 110.87, 110.87 
79, 1000, 1, 5, 12, 64.91, 110.87, 110.87 
80, 1000, 1, 5, 12, 63.23, 110.87, 110.87 
81, 1000, 1, 5, 12, 67.41, 110.87, 110.87 
82, 1000, 1, 5, 12, 63.24, 110.87, 110.87 
83, 1000, 1, 5, 12, 65.14, 110.87, 110.87 
84, 1000, 1, 5, 11, 74.05, 120.32, 120.32 
85, 1000, 1, 5, 11, 68.45, 120.32, 120.32 
86, 1000, 1, 5, 11, 72.10, 120.32, 120.32 
87, 1000, 1, 5, 11, 66.36, 120.32, 120.32 
88, 1000, 1, 5, 11, 71.65, 120.32, 120.32 
89, 1000, 1, 5, 11, 80.77, 120.32, 120.32 
90, 1000, 1, 5, 11, 69.52, 120.32, 120.32 
91, 1000, 1, 5, 10, 70.18, 131.67, 131.66 
92, 1000, 1, 5, 10, 76.62, 131.67, 131.66 
93, 1000, 1, 5, 10, 69.90, 131.67, 131.66 
94, 1000, 1, 5, 10, 72.55, 131.67, 131.66 
95, 1000, 1, 5, 10, 70.57, 131.67, 131.66 
96, 1000, 1, 5, 10, 80.07, 131.67, 131.66 
97, 1000, 1, 5, 10, 76.33, 131.67, 131.66 
98, 1000, 1, 5, 10, 69.74, 131.67, 131.66 
99, 1000, 1, 5, 10, 80.19, 131.67, 131.66 
100, 1000, 1, 5, 10, 81.75, 131.67, 131.66 
