1, 1000, 2, 4, 1000, 3.09, 1.25, 2.48 
2, 1000, 2, 4, 500, 5.45, 2.50, 2.18 
3, 1000, 2, 4, 333, 7.09, 3.75, 1.89 
4, 1000, 2, 4, 250, 8.55, 4.99, 1.71 
5, 1000, 2, 4, 200, 10.26, 6.24, 1.64 
6, 1000, 2, 4, 166, 11.17, 7.52, 1.49 
7, 1000, 2, 4, 142, 12.46, 8.79, 1.42 
8, 1000, 2, 4, 125, 13.62, 9.98, 1.36 
9, 1000, 2, 4, 111, 14.83, 11.24, 1.32 
10, 1000, 2, 4, 100, 16.46, 12.48, 1.32 
11, 1000, 2, 4, 90, 16.19, 13.86, 1.17 
12, 1000, 2, 4, 83, 18.00, 15.03, 1.20 
13, 1000, 2, 4, 76, 19.11, 16.42, 1.16 
14, 1000, 2, 4, 71, 20.86, 17.57, 1.19 
15, 1000, 2, 4, 66, 21.39, 18.90, 1.13 
16, 1000, 2, 4, 62, 21.89, 20.12, 1.09 
17, 1000, 2, 4, 58, 23.18, 21.51, 1.08 
18, 1000, 2, 4, 55, 25.74, 22.68, 1.13 
19, 1000, 2, 4, 52, 26.89, 23.99, 1.12 
20, 1000, 2, 4, 50, 25.16, 24.95, 1.01 
21, 1000, 2, 4, 47, 27.60, 26.54, 1.04 
22, 1000, 2, 4, 45, 26.37, 27.72, 0.95 
23, 1000, 2, 4, 43, 29.09, 29.01, 1.00 
24, 1000, 2, 4, 41, 29.30, 30.43, 0.96 
25, 1000, 2, 4, 40, 30.11, 31.19, 0.97 
26, 1000, 2, 4, 38, 32.26, 32.83, 0.98 
27, 1000, 2, 4, 37, 33.87, 33.72, 1.00 
28, 1000, 2, 4, 35, 34.32, 35.65, 0.96 
29, 1000, 2, 4, 34, 34.21, 36.69, 0.93 
30, 1000, 2, 4, 33, 35.97, 37.81, 0.95 
31, 1000, 2, 4, 32, 36.20, 38.99, 0.93 
32, 1000, 2, 4, 31, 37.93, 40.24, 0.94 
33, 1000, 2, 4, 30, 37.04, 41.59, 0.89 
34, 1000, 2, 4, 29, 37.72, 43.02, 0.88 
35, 1000, 2, 4, 28, 36.72, 44.56, 0.82 
36, 1000, 2, 4, 27, 39.13, 46.21, 0.85 
37, 1000, 2, 4, 27, 42.39, 46.21, 0.92 
38, 1000, 2, 4, 26, 41.70, 47.98, 0.87 
39, 1000, 2, 4, 25, 43.68, 49.90, 0.88 
40, 1000, 2, 4, 25, 44.96, 49.90, 0.90 
41, 1000, 2, 4, 24, 41.26, 51.98, 0.79 
42, 1000, 2, 4, 23, 43.42, 54.24, 0.80 
43, 1000, 2, 4, 23, 45.46, 54.24, 0.84 
44, 1000, 2, 4, 22, 45.99, 56.71, 0.81 
45, 1000, 2, 4, 22, 45.22, 56.71, 0.80 
46, 1000, 2, 4, 21, 46.23, 59.41, 0.78 
47, 1000, 2, 4, 21, 45.99, 59.41, 0.77 
48, 1000, 2, 4, 20, 48.31, 62.38, 0.77 
49, 1000, 2, 4, 20, 51.12, 62.38, 0.82 
50, 1000, 2, 4, 20, 48.26, 62.38, 0.77 
51, 1000, 2, 4, 19, 51.46, 65.66, 0.78 
52, 1000, 2, 4, 19, 43.71, 65.66, 0.67 
53, 1000, 2, 4, 18, 51.68, 69.31, 0.75 
54, 1000, 2, 4, 18, 53.22, 69.31, 0.77 
55, 1000, 2, 4, 18, 51.90, 69.31, 0.75 
56, 1000, 2, 4, 17, 52.65, 73.39, 0.72 
57, 1000, 2, 4, 17, 57.75, 73.39, 0.79 
58, 1000, 2, 4, 17, 47.95, 73.39, 0.65 
59, 1000, 2, 4, 16, 56.60, 77.97, 0.73 
60, 1000, 2, 4, 16, 55.54, 77.97, 0.71 
61, 1000, 2, 4, 16, 54.12, 77.97, 0.69 
62, 1000, 2, 4, 16, 58.57, 77.97, 0.75 
63, 1000, 2, 4, 15, 62.35, 83.17, 0.75 
64, 1000, 2, 4, 15, 56.02, 83.17, 0.67 
65, 1000, 2, 4, 15, 56.36, 83.17, 0.68 
66, 1000, 2, 4, 15, 58.65, 83.17, 0.71 
67, 1000, 2, 4, 14, 58.36, 89.11, 0.65 
68, 1000, 2, 4, 14, 61.31, 89.11, 0.69 
69, 1000, 2, 4, 14, 61.08, 89.11, 0.69 
70, 1000, 2, 4, 14, 57.80, 89.11, 0.65 
71, 1000, 2, 4, 14, 59.90, 89.11, 0.67 
72, 1000, 2, 4, 13, 60.81, 95.97, 0.63 
73, 1000, 2, 4, 13, 56.90, 95.97, 0.59 
74, 1000, 2, 4, 13, 61.38, 95.97, 0.64 
75, 1000, 2, 4, 13, 59.03, 95.97, 0.62 
76, 1000, 2, 4, 13, 62.47, 95.97, 0.65 
77, 1000, 2, 4, 12, 65.18, 103.96, 0.63 
78, 1000, 2, 4, 12, 68.34, 103.96, 0.66 
79, 1000, 2, 4, 12, 61.76, 103.96, 0.59 
80, 1000, 2, 4, 12, 64.33, 103.96, 0.62 
81, 1000, 2, 4, 12, 63.83, 103.96, 0.61 
82, 1000, 2, 4, 12, 68.12, 103.96, 0.66 
83, 1000, 2, 4, 12, 65.18, 103.96, 0.63 
84, 1000, 2, 4, 11, 72.04, 113.42, 0.64 
85, 1000, 2, 4, 11, 80.08, 113.42, 0.71 
86, 1000, 2, 4, 11, 64.83, 113.42, 0.57 
87, 1000, 2, 4, 11, 72.55, 113.42, 0.64 
88, 1000, 2, 4, 11, 64.66, 113.42, 0.57 
89, 1000, 2, 4, 11, 65.78, 113.42, 0.58 
90, 1000, 2, 4, 11, 65.27, 113.42, 0.58 
91, 1000, 2, 4, 10, 72.00, 124.76, 0.58 
92, 1000, 2, 4, 10, 73.08, 124.76, 0.59 
93, 1000, 2, 4, 10, 67.91, 124.76, 0.54 
94, 1000, 2, 4, 10, 78.80, 124.76, 0.63 
95, 1000, 2, 4, 10, 69.88, 124.76, 0.56 
96, 1000, 2, 4, 10, 69.10, 124.76, 0.55 
97, 1000, 2, 4, 10, 69.53, 124.76, 0.56 
98, 1000, 2, 4, 10, 71.96, 124.76, 0.58 
99, 1000, 2, 4, 10, 74.40, 124.76, 0.60 
100, 1000, 2, 4, 10, 72.25, 124.76, 0.58 
