4, 1000, 5, 1, 250, 6.80, 11.90, 11.90 
7, 1000, 5, 1, 142, 10.20, 15.69, 15.69 
5, 1000, 5, 1, 200, 8.30, 13.15, 13.15 
3, 1000, 5, 1, 333, 5.40, 10.65, 10.65 
19, 1000, 5, 1, 52, 20.40, 30.90, 30.90 
10, 1000, 5, 1, 100, 12.10, 19.38, 19.38 
6, 1000, 5, 1, 166, 9.70, 14.42, 14.42 
14, 1000, 5, 1, 71, 17.40, 24.48, 24.48 
8, 1000, 5, 1, 125, 11.60, 16.89, 16.89 
13, 1000, 5, 1, 76, 17.30, 23.32, 23.32 
2, 1000, 5, 1, 500, 3.70, 9.40, 9.40 
18, 1000, 5, 1, 55, 21.40, 29.59, 29.59 
11, 1000, 5, 1, 90, 14.70, 20.77, 20.77 
15, 1000, 5, 1, 66, 18.30, 25.81, 25.81 
21, 1000, 5, 1, 47, 23.50, 33.45, 33.45 
9, 1000, 5, 1, 111, 11.90, 18.15, 18.15 
16, 1000, 5, 1, 62, 18.10, 27.03, 27.03 
12, 1000, 5, 1, 83, 17.10, 21.94, 21.94 
40, 1000, 5, 1, 25, 40.70, 56.81, 56.81 
17, 1000, 5, 1, 58, 19.60, 28.42, 28.42 
39, 1000, 5, 1, 25, 36.80, 56.81, 56.81 
36, 1000, 5, 1, 27, 35.30, 53.11, 53.11 
48, 1000, 5, 1, 20, 46.80, 69.29, 69.28 
74, 1000, 5, 1, 13, 50.70, 102.88, 102.87 
65, 1000, 5, 1, 15, 54.80, 90.08, 90.07 
29, 1000, 5, 1, 34, 26.60, 43.60, 43.60 
68, 1000, 5, 1, 14, 56.10, 96.02, 96.01 
93, 1000, 5, 1, 10, 72.40, 131.67, 131.66 
25, 1000, 5, 1, 40, 25.40, 38.10, 38.10 
22, 1000, 5, 1, 45, 25.40, 34.63, 34.63 
24, 1000, 5, 1, 41, 24.30, 37.34, 37.33 
27, 1000, 5, 1, 37, 27.00, 40.63, 40.62 
20, 1000, 5, 1, 50, 24.40, 31.86, 31.86 
30, 1000, 5, 1, 33, 29.50, 44.71, 44.71 
99, 1000, 5, 1, 10, 63.60, 131.67, 131.66 
23, 1000, 5, 1, 43, 26.90, 35.92, 35.92 
26, 1000, 5, 1, 38, 26.10, 39.74, 39.74 
31, 1000, 5, 1, 32, 29.40, 45.89, 45.89 
55, 1000, 5, 1, 18, 36.30, 76.22, 76.21 
28, 1000, 5, 1, 35, 31.10, 42.55, 42.55 
35, 1000, 5, 1, 28, 37.50, 51.46, 51.46 
33, 1000, 5, 1, 30, 33.30, 48.49, 48.49 
41, 1000, 5, 1, 24, 35.90, 58.89, 58.89 
84, 1000, 5, 1, 11, 87.10, 120.32, 120.32 
37, 1000, 5, 1, 27, 38.60, 53.11, 53.11 
54, 1000, 5, 1, 18, 50.80, 76.22, 76.21 
34, 1000, 5, 1, 29, 38.40, 49.93, 49.92 
38, 1000, 5, 1, 26, 36.70, 54.89, 54.89 
64, 1000, 5, 1, 15, 53.90, 90.08, 90.07 
32, 1000, 5, 1, 31, 36.20, 47.15, 47.15 
50, 1000, 5, 1, 20, 39.20, 69.29, 69.28 
63, 1000, 5, 1, 15, 42.80, 90.08, 90.07 
49, 1000, 5, 1, 20, 43.10, 69.29, 69.28 
42, 1000, 5, 1, 23, 39.50, 61.15, 61.15 
43, 1000, 5, 1, 23, 39.00, 61.15, 61.15 
52, 1000, 5, 1, 19, 40.30, 72.57, 72.57 
67, 1000, 5, 1, 14, 74.00, 96.02, 96.01 
47, 1000, 5, 1, 21, 41.90, 66.32, 66.31 
53, 1000, 5, 1, 18, 42.70, 76.22, 76.21 
51, 1000, 5, 1, 19, 49.20, 72.57, 72.57 
57, 1000, 5, 1, 17, 51.40, 80.29, 80.29 
62, 1000, 5, 1, 16, 55.90, 84.88, 84.88 
81, 1000, 5, 1, 12, 58.30, 110.87, 110.87 
46, 1000, 5, 1, 21, 46.70, 66.32, 66.31 
59, 1000, 5, 1, 16, 48.20, 84.88, 84.88 
76, 1000, 5, 1, 13, 49.20, 102.88, 102.87 
61, 1000, 5, 1, 16, 43.80, 84.88, 84.88 
44, 1000, 5, 1, 22, 40.50, 63.62, 63.61 
82, 1000, 5, 1, 12, 60.40, 110.87, 110.87 
97, 1000, 5, 1, 10, 63.60, 131.67, 131.66 
60, 1000, 5, 1, 16, 50.50, 84.88, 84.88 
58, 1000, 5, 1, 17, 59.30, 80.29, 80.29 
56, 1000, 5, 1, 17, 53.40, 80.29, 80.29 
45, 1000, 5, 1, 22, 49.70, 63.62, 63.61 
83, 1000, 5, 1, 12, 58.20, 110.87, 110.87 
79, 1000, 5, 1, 12, 61.20, 110.87, 110.87 
90, 1000, 5, 1, 11, 59.20, 120.32, 120.32 
75, 1000, 5, 1, 13, 62.40, 102.88, 102.87 
86, 1000, 5, 1, 11, 63.60, 120.32, 120.32 
88, 1000, 5, 1, 11, 69.10, 120.32, 120.32 
69, 1000, 5, 1, 14, 50.70, 96.02, 96.01 
80, 1000, 5, 1, 12, 61.20, 110.87, 110.87 
70, 1000, 5, 1, 14, 54.70, 96.02, 96.01 
71, 1000, 5, 1, 14, 51.80, 96.02, 96.01 
72, 1000, 5, 1, 13, 64.20, 102.88, 102.87 
100, 1000, 5, 1, 10, 77.20, 131.67, 131.66 
95, 1000, 5, 1, 10, 76.60, 131.67, 131.66 
87, 1000, 5, 1, 11, 73.60, 120.32, 120.32 
89, 1000, 5, 1, 11, 61.00, 120.32, 120.32 
77, 1000, 5, 1, 12, 57.90, 110.87, 110.87 
73, 1000, 5, 1, 13, 63.80, 102.88, 102.87 
91, 1000, 5, 1, 10, 74.20, 131.67, 131.66 
78, 1000, 5, 1, 12, 69.40, 110.87, 110.87 
98, 1000, 5, 1, 10, 77.90, 131.67, 131.66 
66, 1000, 5, 1, 15, 66.80, 90.08, 90.07 
96, 1000, 5, 1, 10, 66.90, 131.67, 131.66 
92, 1000, 5, 1, 10, 79.80, 131.67, 131.66 
85, 1000, 5, 1, 11, 76.20, 120.32, 120.32 
94, 1000, 5, 1, 10, 74.70, 131.67, 131.66 
1, 1000, 5, 1, 1000, 2.00, 8.16, 8.16 
