12, 1000, 6, 0, 83, 18.60, 21.94, 21.94 
16, 1000, 6, 0, 62, 23.40, 27.03, 27.03 
3, 1000, 6, 0, 333, 5.30, 10.65, 10.65 
5, 1000, 6, 0, 200, 8.50, 13.15, 13.15 
4, 1000, 6, 0, 250, 7.60, 11.90, 11.90 
25, 1000, 6, 0, 40, 36.60, 38.10, 38.10 
9, 1000, 6, 0, 111, 14.70, 18.15, 18.15 
7, 1000, 6, 0, 142, 11.90, 15.69, 15.69 
8, 1000, 6, 0, 125, 12.40, 16.89, 16.89 
6, 1000, 6, 0, 166, 11.10, 14.42, 14.42 
11, 1000, 6, 0, 90, 18.00, 20.77, 20.77 
15, 1000, 6, 0, 66, 22.20, 25.81, 25.81 
13, 1000, 6, 0, 76, 20.10, 23.32, 23.32 
10, 1000, 6, 0, 100, 16.00, 19.38, 19.38 
2, 1000, 6, 0, 500, 3.60, 9.40, 9.40 
14, 1000, 6, 0, 71, 20.10, 24.48, 24.48 
19, 1000, 6, 0, 52, 27.20, 30.90, 30.90 
21, 1000, 6, 0, 47, 30.00, 33.45, 33.45 
17, 1000, 6, 0, 58, 27.30, 28.42, 28.42 
18, 1000, 6, 0, 55, 27.30, 29.59, 29.59 
22, 1000, 6, 0, 45, 30.20, 34.63, 34.63 
23, 1000, 6, 0, 43, 32.00, 35.92, 35.92 
35, 1000, 6, 0, 28, 45.60, 51.46, 51.46 
28, 1000, 6, 0, 35, 36.30, 42.55, 42.55 
20, 1000, 6, 0, 50, 28.10, 31.86, 31.86 
95, 1000, 6, 0, 10, 89.40, 131.67, 131.66 
30, 1000, 6, 0, 33, 41.00, 44.71, 44.71 
24, 1000, 6, 0, 41, 32.10, 37.34, 37.33 
45, 1000, 6, 0, 22, 54.20, 63.62, 63.61 
26, 1000, 6, 0, 38, 36.10, 39.74, 39.74 
80, 1000, 6, 0, 12, 74.40, 110.87, 110.87 
48, 1000, 6, 0, 20, 55.70, 69.29, 69.28 
27, 1000, 6, 0, 37, 37.40, 40.63, 40.62 
36, 1000, 6, 0, 27, 46.20, 53.11, 53.11 
54, 1000, 6, 0, 18, 55.40, 76.22, 76.21 
44, 1000, 6, 0, 22, 55.40, 63.62, 63.61 
52, 1000, 6, 0, 19, 65.80, 72.57, 72.57 
38, 1000, 6, 0, 26, 48.00, 54.89, 54.89 
71, 1000, 6, 0, 14, 79.20, 96.02, 96.01 
31, 1000, 6, 0, 32, 42.70, 45.89, 45.89 
29, 1000, 6, 0, 34, 38.50, 43.60, 43.60 
75, 1000, 6, 0, 13, 80.70, 102.88, 102.87 
85, 1000, 6, 0, 11, 87.60, 120.32, 120.32 
32, 1000, 6, 0, 31, 42.20, 47.15, 47.15 
74, 1000, 6, 0, 13, 71.60, 102.88, 102.87 
41, 1000, 6, 0, 24, 56.30, 58.89, 58.89 
39, 1000, 6, 0, 25, 49.50, 56.81, 56.81 
33, 1000, 6, 0, 30, 43.60, 48.49, 48.49 
42, 1000, 6, 0, 23, 49.10, 61.15, 61.15 
40, 1000, 6, 0, 25, 46.10, 56.81, 56.81 
62, 1000, 6, 0, 16, 62.30, 84.88, 84.88 
34, 1000, 6, 0, 29, 47.90, 49.93, 49.92 
37, 1000, 6, 0, 27, 47.20, 53.11, 53.11 
50, 1000, 6, 0, 20, 55.20, 69.29, 69.28 
73, 1000, 6, 0, 13, 71.30, 102.88, 102.87 
49, 1000, 6, 0, 20, 64.80, 69.29, 69.28 
82, 1000, 6, 0, 12, 77.70, 110.87, 110.87 
57, 1000, 6, 0, 17, 61.70, 80.29, 80.29 
47, 1000, 6, 0, 21, 56.00, 66.32, 66.31 
61, 1000, 6, 0, 16, 72.00, 84.88, 84.88 
43, 1000, 6, 0, 23, 54.40, 61.15, 61.15 
46, 1000, 6, 0, 21, 58.40, 66.32, 66.31 
64, 1000, 6, 0, 15, 73.10, 90.08, 90.07 
78, 1000, 6, 0, 12, 70.10, 110.87, 110.87 
83, 1000, 6, 0, 12, 76.20, 110.87, 110.87 
72, 1000, 6, 0, 13, 80.60, 102.88, 102.87 
60, 1000, 6, 0, 16, 72.30, 84.88, 84.88 
88, 1000, 6, 0, 11, 77.40, 120.32, 120.32 
70, 1000, 6, 0, 14, 70.50, 96.02, 96.01 
93, 1000, 6, 0, 10, 89.00, 131.67, 131.66 
55, 1000, 6, 0, 18, 61.10, 76.22, 76.21 
51, 1000, 6, 0, 19, 63.50, 72.57, 72.57 
59, 1000, 6, 0, 16, 63.10, 84.88, 84.88 
56, 1000, 6, 0, 17, 63.40, 80.29, 80.29 
79, 1000, 6, 0, 12, 80.90, 110.87, 110.87 
68, 1000, 6, 0, 14, 67.20, 96.02, 96.01 
53, 1000, 6, 0, 18, 64.70, 76.22, 76.21 
58, 1000, 6, 0, 17, 64.90, 80.29, 80.29 
65, 1000, 6, 0, 15, 74.50, 90.08, 90.07 
89, 1000, 6, 0, 11, 90.10, 120.32, 120.32 
69, 1000, 6, 0, 14, 74.40, 96.02, 96.01 
63, 1000, 6, 0, 15, 81.10, 90.08, 90.07 
92, 1000, 6, 0, 10, 82.10, 131.67, 131.66 
90, 1000, 6, 0, 11, 84.90, 120.32, 120.32 
66, 1000, 6, 0, 15, 73.10, 90.08, 90.07 
76, 1000, 6, 0, 13, 84.30, 102.88, 102.87 
98, 1000, 6, 0, 10, 92.90, 131.67, 131.66 
96, 1000, 6, 0, 10, 86.30, 131.67, 131.66 
87, 1000, 6, 0, 11, 77.20, 120.32, 120.32 
86, 1000, 6, 0, 11, 76.10, 120.32, 120.32 
100, 1000, 6, 0, 10, 87.60, 131.67, 131.66 
84, 1000, 6, 0, 11, 88.60, 120.32, 120.32 
67, 1000, 6, 0, 14, 74.50, 96.02, 96.01 
99, 1000, 6, 0, 10, 99.00, 131.67, 131.66 
97, 1000, 6, 0, 10, 98.90, 131.67, 131.66 
81, 1000, 6, 0, 12, 94.20, 110.87, 110.87 
91, 1000, 6, 0, 10, 92.50, 131.67, 131.66 
77, 1000, 6, 0, 12, 90.90, 110.87, 110.87 
94, 1000, 6, 0, 10, 100.20, 131.67, 131.66 
1, 1000, 6, 0, 1000, 1.60, 8.16, 8.16 
